<?xml version="1.0" encoding="UTF-8"?>
<robot generator="Robot 6.1.1 (Python 3.12.0 on darwin)" generated="20231106 10:21:23.923" rpa="false" schemaversion="4">
<suite id="s1" name="Movie Application" source="/Users/socar/MobileAutomation2Practical/Test/Movie_Application.robot">
<test id="s1-t1" name="Open Application" line="28">
<kw name="Open Application" library="AppiumLibrary">
<arg>${AppiumServer}</arg>
<arg>platformName=${PlatformName}</arg>
<arg>deviceName=${DeviceName}</arg>
<arg>appPackage=${AppPackage}</arg>
<arg>appActivity=${AppActivity}</arg>
<arg>automationName=UiAutomator2</arg>
<doc>Opens a new application to given Appium server.
Capabilities of appium server, Android and iOS,
Please check https://github.com/appium/appium/blob/master/docs/en/writing-running-appium/server-args.md
| *Option*            | *Man.* | *Description*     |
| remote_url          | Yes    | Appium server url |
| alias               | no     | alias             |
| strict_ssl          | No     | allows you to send commands to an invalid certificate host like a self-signed one. |</doc>
<status status="PASS" starttime="20231106 10:21:24.168" endtime="20231106 10:21:31.592"/>
</kw>
<doc>Open the Android application</doc>
<tag>Android</tag>
<status status="PASS" starttime="20231106 10:21:24.167" endtime="20231106 10:21:31.593"/>
</test>
<test id="s1-t2" name="Check Element Visibility" line="34">
<kw name="Element Should Be Visible" library="AppiumLibrary">
<arg>id=${BlankScreen}</arg>
<doc>Verifies that element identified with locator is visible.</doc>
<msg timestamp="20231106 10:21:33.866" level="INFO">criteria is com.tengyeekong.movieapp:id/recyclerView</msg>
<status status="PASS" starttime="20231106 10:21:31.594" endtime="20231106 10:21:33.867"/>
</kw>
<doc>Verify element visibility</doc>
<tag>Android</tag>
<status status="PASS" starttime="20231106 10:21:31.594" endtime="20231106 10:21:33.867"/>
</test>
<test id="s1-t3" name="MovieApp Homepage" line="40">
<kw name="Wait Until Page Contains Element" library="AppiumLibrary">
<arg>${MainPage}</arg>
<doc>Waits until element specified with `locator` appears on current page.</doc>
<msg timestamp="20231106 10:21:34.852" level="INFO">xpath criteria: //android.widget.TextView[contains(@text, 'Movie App')]</msg>
<status status="PASS" starttime="20231106 10:21:33.868" endtime="20231106 10:21:34.853"/>
</kw>
<kw name="Click Element" library="AppiumLibrary">
<arg>xpath=//android.widget.TextView[contains(@text, 'One Shot Left')]</arg>
<doc>Click element identified by `locator`.</doc>
<msg timestamp="20231106 10:21:34.854" level="INFO">Clicking element 'xpath=//android.widget.TextView[contains(@text, 'One Shot Left')]'.</msg>
<msg timestamp="20231106 10:21:35.110" level="INFO">xpath criteria: //android.widget.TextView[contains(@text, 'One Shot Left')]</msg>
<status status="PASS" starttime="20231106 10:21:34.853" endtime="20231106 10:21:35.110"/>
</kw>
<doc>Verify first movie in list clickable.</doc>
<tag>Android</tag>
<status status="PASS" starttime="20231106 10:21:33.867" endtime="20231106 10:21:35.110"/>
</test>
<test id="s1-t4" name="Navigate To Movie1 Details" line="47">
<kw name="Wait Until Page Contains Element" library="AppiumLibrary">
<arg>xpath=//*[@bounds='${FirstMovieDetailImgBound}']</arg>
<arg>20</arg>
<doc>Waits until element specified with `locator` appears on current page.</doc>
<msg timestamp="20231106 10:21:35.736" level="INFO">xpath criteria: //*[@bounds='[105,275][455,775]']</msg>
<status status="PASS" starttime="20231106 10:21:35.111" endtime="20231106 10:21:35.736"/>
</kw>
<doc>Verify user is navigated to first movie details.</doc>
<tag>Android</tag>
<status status="PASS" starttime="20231106 10:21:35.110" endtime="20231106 10:21:35.736"/>
</test>
<test id="s1-t5" name="Click Book The Movie" line="52">
<kw name="Click Element" library="AppiumLibrary">
<arg>id=${ButtonAResourceId}</arg>
<doc>Click element identified by `locator`.</doc>
<msg timestamp="20231106 10:21:35.738" level="INFO">Clicking element 'id=com.tengyeekong.movieapp:id/btnBookMovie'.</msg>
<msg timestamp="20231106 10:21:36.287" level="INFO">criteria is com.tengyeekong.movieapp:id/btnBookMovie</msg>
<status status="PASS" starttime="20231106 10:21:35.737" endtime="20231106 10:21:36.287"/>
</kw>
<doc>Verify if "book the movie" button clickable.</doc>
<tag>Android</tag>
<status status="PASS" starttime="20231106 10:21:35.737" endtime="20231106 10:21:36.288"/>
</test>
<test id="s1-t6" name="Navigate To Web Page" line="57">
<kw name="Wait Until Page Contains Element" library="AppiumLibrary">
<arg>${WebView}</arg>
<arg>20</arg>
<doc>Waits until element specified with `locator` appears on current page.</doc>
<msg timestamp="20231106 10:21:37.739" level="INFO">criteria is com.tengyeekong.movieapp:id/webView</msg>
<status status="PASS" starttime="20231106 10:21:36.288" endtime="20231106 10:21:37.739"/>
</kw>
<doc>Verify user get navigated to web page.</doc>
<tag>Android</tag>
<status status="PASS" starttime="20231106 10:21:36.288" endtime="20231106 10:21:37.739"/>
</test>
<status status="PASS" starttime="20231106 10:21:23.925" endtime="20231106 10:21:37.740"/>
</suite>
<statistics>
<total>
<stat pass="6" fail="0" skip="0">All Tests</stat>
</total>
<tag>
<stat pass="6" fail="0" skip="0">Android</stat>
</tag>
<suite>
<stat pass="6" fail="0" skip="0" id="s1" name="Movie Application">Movie Application</stat>
</suite>
</statistics>
<errors>
</errors>
</robot>
